\BOOKMARK [0][]{chapter.1}{\376\377\0001\000\040\153\143\137\017\121\205\133\271\122\115\166\204\167\216\142\157}{}% 1
\BOOKMARK [0][]{chapter.2}{\376\377\0002\000\040\215\335\171\273\172\172\225\364\116\016\142\323\142\121\172\172\225\364}{}% 2
\BOOKMARK [1][]{section.2.1}{\376\377\0002\000.\0001\000\040\215\335\171\273\172\172\225\364\000\040\000M\000e\000t\000r\000i\000c\000\040\000\040\000S\000p\000a\000c\000e}{chapter.2}% 3
\BOOKMARK [2][]{subsection.2.1.1}{\376\377\0002\000.\0001\000.\0001\000\040\133\232\116\111\123\312\116\076\117\213}{section.2.1}% 4
\BOOKMARK [2][]{subsection.2.1.2}{\376\377\0002\000.\0001\000.\0002\000\040\215\335\171\273\172\172\225\364\166\204\140\047\215\050}{section.2.1}% 5
\BOOKMARK [2][]{subsection.2.1.3}{\376\377\0002\000.\0001\000.\0003\000\040\215\335\171\273\172\172\225\364\166\204\160\271\226\306}{section.2.1}% 6
\BOOKMARK [2][]{subsection.2.1.4}{\376\377\0002\000.\0001\000.\0004\000\040\215\335\171\273\172\172\225\364\166\204\133\214\131\007\140\047}{section.2.1}% 7
\BOOKMARK [2][]{subsection.2.1.5}{\376\377\0002\000.\0001\000.\0005\000\040\215\335\171\273\172\172\225\364\166\204\133\214\131\007\123\026\116\016\123\213\177\051\146\040\134\004}{section.2.1}% 8
\BOOKMARK [1][]{section.2.2}{\376\377\0002\000.\0002\000\040\142\323\142\121\172\172\225\364\000T\000o\000p\000o\000l\000o\000g\000i\000c\000a\000l\000\040\000\040\000S\000p\000a\000c\000e}{chapter.2}% 9
\BOOKMARK [2][]{subsection.2.2.1}{\376\377\0002\000.\0002\000.\0001\000\040\167\037\000\267\142\323\142\121\172\172\225\364\116\015\133\214\121\150\173\200\116\313}{section.2.2}% 10
\BOOKMARK [2][]{subsection.2.2.2}{\376\377\0002\000.\0002\000.\0002\000\040\175\047\226\306}{section.2.2}% 11
\BOOKMARK [2][]{subsection.2.2.3}{\376\377\0002\000.\0002\000.\0003\000\040\122\073\165\073\215\335\171\273\172\172\225\364\116\012\166\204\175\047\226\306}{section.2.2}% 12
\BOOKMARK [0][]{chapter.3}{\376\377\0003\000\040\215\113\203\003\176\277\140\047\172\172\225\364}{}% 13
\BOOKMARK [1][]{section.3.1}{\376\377\0003\000.\0001\000\040\215\113\203\003\176\277\140\047\172\172\225\364\151\202\217\360}{chapter.3}% 14
\BOOKMARK [2][]{subsection.3.1.1}{\376\377\0003\000.\0001\000.\0001\000\040\203\003\145\160\377\014\215\113\203\003\176\277\140\047\172\172\225\364\377\014\000B\000a\000n\000a\000c\000h\172\172\225\364}{section.3.1}% 15
\BOOKMARK [2][]{subsection.3.1.2}{\376\377\0003\000.\0001\000.\0002\000\040\215\113\203\003\176\277\140\047\172\172\225\364\166\204\127\372\147\054\140\047\215\050}{section.3.1}% 16
\BOOKMARK [1][]{section.3.2}{\376\377\0003\000.\0002\000\040\000L\000p\172\172\225\364}{chapter.3}% 17
\BOOKMARK [1][]{section.3.3}{\376\377\0003\000.\0003\000\040\000L\000p\172\172\225\364\166\204\140\047\215\050}{chapter.3}% 18
\BOOKMARK [1][]{section.3.4}{\376\377\0003\000.\0004\000\040\215\113\203\003\176\277\140\047\172\172\225\364\166\204\121\166\116\326\140\047\215\050}{chapter.3}% 19
\BOOKMARK [2][]{subsection.3.4.1}{\376\377\0003\000.\0004\000.\0001\000\040\215\113\203\003\176\277\140\047\172\172\225\364\166\204\133\120\172\172\225\364\116\016\133\214\131\007\123\026}{section.3.4}% 20
\BOOKMARK [2][]{subsection.3.4.2}{\376\377\0003\000.\0004\000.\0002\000\040\125\106\172\172\225\364\116\016\116\130\171\357\172\172\225\364}{section.3.4}% 21
\BOOKMARK [2][]{subsection.3.4.3}{\376\377\0003\000.\0004\000.\0003\000\040\215\113\203\003\176\277\140\047\172\172\225\364\166\204\127\372}{section.3.4}% 22
\BOOKMARK [1][]{section.3.5}{\376\377\0003\000.\0005\000\040\147\011\226\120\176\364\215\113\203\003\176\277\140\047\172\172\225\364}{chapter.3}% 23
\BOOKMARK [0][]{chapter.4}{\376\377\0004\000\040\147\011\165\114\176\277\140\047\173\227\133\120}{}% 24
\BOOKMARK [1][]{section.4.1}{\376\377\0004\000.\0001\000\040\147\011\165\114\176\277\140\047\173\227\133\120}{chapter.4}% 25
\BOOKMARK [1][]{section.4.2}{\376\377\0004\000.\0002\000\040\147\011\165\114\176\277\140\047\173\227\133\120\172\172\225\364}{chapter.4}% 26
\BOOKMARK [1][]{section.4.3}{\376\377\0004\000.\0003\000\040\000B\000a\000n\000a\000c\000h\000-\000S\000t\000e\000i\000n\000h\000a\000u\000s\133\232\164\006}{chapter.4}% 27
\BOOKMARK [1][]{section.4.4}{\376\377\0004\000.\0004\000\040\137\000\146\040\134\004\133\232\164\006\116\016\225\355\126\376\120\317\133\232\164\006}{chapter.4}% 28
\BOOKMARK [1][]{section.4.5}{\376\377\0004\000.\0005\000\040\000H\000a\000h\000n\000-\000B\000a\000n\000a\000c\000h\133\232\164\006}{chapter.4}% 29
\BOOKMARK [1][]{section.4.6}{\376\377\0004\000.\0006\000\040\133\371\120\166\172\172\225\364\124\214\121\161\217\155\173\227\133\120}{chapter.4}% 30
\BOOKMARK [1][]{section.4.7}{\376\377\0004\000.\0007\000\040\201\352\123\315\140\047\116\016\137\061\145\066\145\133}{chapter.4}% 31
\BOOKMARK [0][]{chapter.5}{\376\377\0005\000\040\116\140\230\230}{}% 32
\BOOKMARK [1][]{section.5.1}{\376\377\0005\000.\0001\000\040\215\335\171\273\172\172\225\364\116\016\142\323\142\121\172\172\225\364\116\140\230\230}{chapter.5}% 33
\BOOKMARK [1][]{section.5.2}{\376\377\0005\000.\0002\000\040\215\113\203\003\176\277\140\047\172\172\225\364\116\140\230\230}{chapter.5}% 34
\BOOKMARK [1][]{section.5.3}{\376\377\0005\000.\0003\000\040\147\011\165\114\176\277\140\047\173\227\133\120\116\140\230\230}{chapter.5}% 35
